<?xml version="1.0" encoding="UTF-8"?>
<!-- Generated by org.testng.reporters.JUnitXMLReporter -->
<testsuite ignored="3" hostname="Raju" failures="0" tests="12" name="Default test" time="41.741" errors="0" timestamp="2025-05-22T05:02:58 IST">
  <testcase classname="Tests.HomePageTest" name="verifyLoadingAnimationBehavior" time="3.335"/>
  <testcase classname="Tests.HomePageTest" name="verifyMainContentVisible" time="3.284"/>
  <testcase classname="Tests.HomePageTest" name="verifyMyDreamsButtonOpensNewTabs" time="3.668"/>
  <testcase classname="Tests.AI_BASED_VALIDATION_TEST" name="classifyDreamNamesFromUI" time="11.383"/>
  <testcase classname="Tests.DreamsDairyTest" name="testAllColumnsAreFilled" time="0.573"/>
  <testcase classname="Tests.DreamsDairyTest" name="testDreamTypesAreValid" time="0.17"/>
  <testcase classname="Tests.DreamsDairyTest" name="testNumberOfDreamEntries" time="0.019"/>
  <testcase classname="Tests.DreamsTotalTest" name="verifyGoodDreamsCount" time="0.051"/>
  <testcase classname="Tests.DreamsTotalTest" name="verifyBadDreamsCount" time="0.063"/>
  <testcase classname="Tests.DreamsTotalTest" name="verifyTotalDreamsCount" time="0.066"/>
  <testcase classname="Tests.DreamsTotalTest" name="verifyRecurringDreamsCount" time="0.09"/>
  <testcase classname="Tests.DreamsTotalTest" name="verifyRecurringDreamsAreCorrect" time="0.328"/>
  <testcase classname="Tests.Initilization.DriverBase" name="@AfterSuite copyEmailableReportToDownloads" time="0.0">
    <ignored/>
  </testcase> <!-- @AfterSuite copyEmailableReportToDownloads -->
  <testcase classname="Tests.Initilization.DriverBase" name="@AfterSuite copyEmailableReportToDownloads" time="0.0">
    <ignored/>
  </testcase> <!-- @AfterSuite copyEmailableReportToDownloads -->
  <testcase classname="Tests.Initilization.DriverBase" name="@AfterSuite copyEmailableReportToDownloads" time="0.0">
    <ignored/>
  </testcase> <!-- @AfterSuite copyEmailableReportToDownloads -->
</testsuite> <!-- Default test -->
