<?xml version="1.0" encoding="UTF-8"?>
<!-- Generated by org.testng.reporters.JUnitXMLReporter -->
<testsuite ignored="3" hostname="Raju" failures="0" tests="12" name="Default test" time="47.562" errors="0" timestamp="2025-05-22T13:04:25 IST">
  <testcase classname="Tests.HomePageTest" name="verifyLoadingAnimationBehavior" time="3.462"/>
  <testcase classname="Tests.HomePageTest" name="verifyMainContentVisible" time="3.228"/>
  <testcase classname="Tests.HomePageTest" name="verifyMyDreamsButtonOpensNewTabs" time="6.041"/>
  <testcase classname="Tests.AI_BASED_VALIDATION_TEST" name="classifyDreamNamesFromUI" time="10.394"/>
  <testcase classname="Tests.DreamsDairyTest" name="testAllColumnsAreFilled" time="0.579"/>
  <testcase classname="Tests.DreamsDairyTest" name="testDreamTypesAreValid" time="0.15"/>
  <testcase classname="Tests.DreamsDairyTest" name="testNumberOfDreamEntries" time="0.016"/>
  <testcase classname="Tests.DreamsTotalTest" name="verifyGoodDreamsCount" time="0.056"/>
  <testcase classname="Tests.DreamsTotalTest" name="verifyBadDreamsCount" time="0.056"/>
  <testcase classname="Tests.DreamsTotalTest" name="verifyTotalDreamsCount" time="0.069"/>
  <testcase classname="Tests.DreamsTotalTest" name="verifyRecurringDreamsCount" time="0.097"/>
  <testcase classname="Tests.DreamsTotalTest" name="verifyRecurringDreamsAreCorrect" time="0.302"/>
  <testcase classname="Initilization.DriverBase" name="@AfterSuite copyEmailableReportToDownloads" time="0.0">
    <ignored/>
  </testcase> <!-- @AfterSuite copyEmailableReportToDownloads -->
  <testcase classname="Initilization.DriverBase" name="@AfterSuite copyEmailableReportToDownloads" time="0.0">
    <ignored/>
  </testcase> <!-- @AfterSuite copyEmailableReportToDownloads -->
  <testcase classname="Initilization.DriverBase" name="@AfterSuite copyEmailableReportToDownloads" time="0.0">
    <ignored/>
  </testcase> <!-- @AfterSuite copyEmailableReportToDownloads -->
</testsuite> <!-- Default test -->
