<?xml version="1.0" encoding="UTF-8"?>
<!-- Generated by org.testng.reporters.JUnitXMLReporter -->
<testsuite ignored="3" hostname="Raju" failures="0" tests="12" name="Default test" time="46.182" errors="0" timestamp="2025-05-22T14:41:37 IST">
  <testcase classname="Tests.HomePageTest" name="verifyLoadingAnimationBehavior" time="3.317"/>
  <testcase classname="Tests.HomePageTest" name="verifyMainContentVisible" time="3.234"/>
  <testcase classname="Tests.HomePageTest" name="verifyMyDreamsButtonOpensNewTabs" time="3.52"/>
  <testcase classname="Tests.AI_BASED_VALIDATION_TEST" name="classifyDreamNamesFromUI" time="10.898"/>
  <testcase classname="Tests.DreamsDairyTest" name="testAllColumnsAreFilled" time="0.601"/>
  <testcase classname="Tests.DreamsDairyTest" name="testDreamTypesAreValid" time="0.173"/>
  <testcase classname="Tests.DreamsDairyTest" name="testNumberOfDreamEntries" time="0.011"/>
  <testcase classname="Tests.DreamsTotalTest" name="verifyGoodDreamsCount" time="0.137"/>
  <testcase classname="Tests.DreamsTotalTest" name="verifyBadDreamsCount" time="0.146"/>
  <testcase classname="Tests.DreamsTotalTest" name="verifyTotalDreamsCount" time="0.108"/>
  <testcase classname="Tests.DreamsTotalTest" name="verifyRecurringDreamsCount" time="0.144"/>
  <testcase classname="Tests.DreamsTotalTest" name="verifyRecurringDreamsAreCorrect" time="0.298"/>
  <testcase classname="Initilization.DriverBase" name="@AfterSuite copyEmailableReportToDownloads" time="0.0">
    <ignored/>
  </testcase> <!-- @AfterSuite copyEmailableReportToDownloads -->
  <testcase classname="Initilization.DriverBase" name="@AfterSuite copyEmailableReportToDownloads" time="0.0">
    <ignored/>
  </testcase> <!-- @AfterSuite copyEmailableReportToDownloads -->
  <testcase classname="Initilization.DriverBase" name="@AfterSuite copyEmailableReportToDownloads" time="0.0">
    <ignored/>
  </testcase> <!-- @AfterSuite copyEmailableReportToDownloads -->
</testsuite> <!-- Default test -->
