<?xml version="1.0" encoding="UTF-8"?>
<testng-results ignored="0" total="12" passed="12" failed="0" skipped="0">
  <reporter-output>
    <line>
      <![CDATA[🌐 Opened homepage: https://arjitnigam.github.io/myDreams/]]>
    </line>
    <line>
      <![CDATA[🔄 Loading animation initially visible: true]]>
    </line>
    <line>
      <![CDATA[⏱ Loading animation disappeared: true (Waited ~3232 ms)]]>
    </line>
    <line>
      <![CDATA[📄 Main content visible after loader: true]]>
    </line>
    <line>
      <![CDATA[🌐 Opened homepage: https://arjitnigam.github.io/myDreams/]]>
    </line>
    <line>
      <![CDATA[⌛ Waiting for 'My Dreams' button to be visible...]]>
    </line>
    <line>
      <![CDATA[📄 Main content visible after waiting: true]]>
    </line>
    <line>
      <![CDATA[🌐 Opened homepage: https://arjitnigam.github.io/myDreams/]]>
    </line>
    <line>
      <![CDATA[🖱️ Clicked on 'My Dreams' button]]>
    </line>
    <line>
      <![CDATA[🧭 Switched to tab with URL: https://arjitnigam.github.io/myDreams/dreams-diary.html]]>
    </line>
    <line>
      <![CDATA[🧭 Switched to tab with URL: https://arjitnigam.github.io/myDreams/dreams-total.html]]>
    </line>
    <line>
      <![CDATA[↩️ Switched back to original tab]]>
    </line>
    <line>
      <![CDATA[✅ dreams-diary.html opened: true]]>
    </line>
    <line>
      <![CDATA[✅ dreams-total.html opened: true]]>
    </line>
    <line>
      <![CDATA[✅ Clicked on 'My Dreams' button]]>
    </line>
    <line>
      <![CDATA[✅ Switched to dreams-diary.html]]>
    </line>
    <line>
      <![CDATA[📝 Row columns data:]]>
    </line>
    <line>
      <![CDATA[   Column 1: Flying over mountains]]>
    </line>
    <line>
      <![CDATA[   Column 2: 1 day ago]]>
    </line>
    <line>
      <![CDATA[   Column 3: Good]]>
    </line>
    <line>
      <![CDATA[🔍 Validating dream: Flying over mountains]]>
    </line>
    <line>
      <![CDATA[🎯 Actual dream type: Good]]>
    </line>
    <line>
      <![CDATA[🤖 AI classification for 'Flying over mountains' is: Good]]>
    </line>
    <line>
      <![CDATA[📝 Row columns data:]]>
    </line>
    <line>
      <![CDATA[   Column 1: Lost in maze]]>
    </line>
    <line>
      <![CDATA[   Column 2: 2 days ago]]>
    </line>
    <line>
      <![CDATA[   Column 3: Bad]]>
    </line>
    <line>
      <![CDATA[🔍 Validating dream: Lost in maze]]>
    </line>
    <line>
      <![CDATA[🎯 Actual dream type: Bad]]>
    </line>
    <line>
      <![CDATA[🤖 AI classification for 'Lost in maze' is: Bad]]>
    </line>
    <line>
      <![CDATA[📝 Row columns data:]]>
    </line>
    <line>
      <![CDATA[   Column 1: Flying over mountains]]>
    </line>
    <line>
      <![CDATA[   Column 2: 3 days ago]]>
    </line>
    <line>
      <![CDATA[   Column 3: Good]]>
    </line>
    <line>
      <![CDATA[🔍 Validating dream: Flying over mountains]]>
    </line>
    <line>
      <![CDATA[🎯 Actual dream type: Good]]>
    </line>
    <line>
      <![CDATA[🤖 AI classification for 'Flying over mountains' is: Good]]>
    </line>
    <line>
      <![CDATA[📝 Row columns data:]]>
    </line>
    <line>
      <![CDATA[   Column 1: Winning lottery]]>
    </line>
    <line>
      <![CDATA[   Column 2: 4 days ago]]>
    </line>
    <line>
      <![CDATA[   Column 3: Good]]>
    </line>
    <line>
      <![CDATA[🔍 Validating dream: Winning lottery]]>
    </line>
    <line>
      <![CDATA[🎯 Actual dream type: Good]]>
    </line>
    <line>
      <![CDATA[🤖 AI classification for 'Winning lottery' is: Good]]>
    </line>
    <line>
      <![CDATA[📝 Row columns data:]]>
    </line>
    <line>
      <![CDATA[   Column 1: Being late to exam]]>
    </line>
    <line>
      <![CDATA[   Column 2: 5 days ago]]>
    </line>
    <line>
      <![CDATA[   Column 3: Bad]]>
    </line>
    <line>
      <![CDATA[🔍 Validating dream: Being late to exam]]>
    </line>
    <line>
      <![CDATA[🎯 Actual dream type: Bad]]>
    </line>
    <line>
      <![CDATA[🤖 AI classification for 'Being late to exam' is: Bad]]>
    </line>
    <line>
      <![CDATA[📝 Row columns data:]]>
    </line>
    <line>
      <![CDATA[   Column 1: Lost in maze]]>
    </line>
    <line>
      <![CDATA[   Column 2: 6 days ago]]>
    </line>
    <line>
      <![CDATA[   Column 3: Bad]]>
    </line>
    <line>
      <![CDATA[🔍 Validating dream: Lost in maze]]>
    </line>
    <line>
      <![CDATA[🎯 Actual dream type: Bad]]>
    </line>
    <line>
      <![CDATA[🤖 AI classification for 'Lost in maze' is: Bad]]>
    </line>
    <line>
      <![CDATA[📝 Row columns data:]]>
    </line>
    <line>
      <![CDATA[   Column 1: Swimming with dolphins]]>
    </line>
    <line>
      <![CDATA[   Column 2: 7 days ago]]>
    </line>
    <line>
      <![CDATA[   Column 3: Good]]>
    </line>
    <line>
      <![CDATA[🔍 Validating dream: Swimming with dolphins]]>
    </line>
    <line>
      <![CDATA[🎯 Actual dream type: Good]]>
    </line>
    <line>
      <![CDATA[🤖 AI classification for 'Swimming with dolphins' is: Good]]>
    </line>
    <line>
      <![CDATA[📝 Row columns data:]]>
    </line>
    <line>
      <![CDATA[   Column 1: Flying over mountains]]>
    </line>
    <line>
      <![CDATA[   Column 2: 8 days ago]]>
    </line>
    <line>
      <![CDATA[   Column 3: Good]]>
    </line>
    <line>
      <![CDATA[🔍 Validating dream: Flying over mountains]]>
    </line>
    <line>
      <![CDATA[🎯 Actual dream type: Good]]>
    </line>
    <line>
      <![CDATA[🤖 AI classification for 'Flying over mountains' is: Good]]>
    </line>
    <line>
      <![CDATA[📝 Row columns data:]]>
    </line>
    <line>
      <![CDATA[   Column 1: Time travel adventure]]>
    </line>
    <line>
      <![CDATA[   Column 2: 9 days ago]]>
    </line>
    <line>
      <![CDATA[   Column 3: Good]]>
    </line>
    <line>
      <![CDATA[🔍 Validating dream: Time travel adventure]]>
    </line>
    <line>
      <![CDATA[🎯 Actual dream type: Good]]>
    </line>
    <line>
      <![CDATA[🤖 AI classification for 'Time travel adventure' is: Good]]>
    </line>
    <line>
      <![CDATA[📝 Row columns data:]]>
    </line>
    <line>
      <![CDATA[   Column 1: Monster chase]]>
    </line>
    <line>
      <![CDATA[   Column 2: 10 days ago]]>
    </line>
    <line>
      <![CDATA[   Column 3: Bad]]>
    </line>
    <line>
      <![CDATA[🔍 Validating dream: Monster chase]]>
    </line>
    <line>
      <![CDATA[🎯 Actual dream type: Bad]]>
    </line>
    <line>
      <![CDATA[🤖 AI classification for 'Monster chase' is: Bad]]>
    </line>
    <line>
      <![CDATA[✅ All dreams were successfully classified by AI and matched actual types]]>
    </line>
    <line>
      <![CDATA[✅ All rows have Name, Days Ago, and Type columns filled: true]]>
    </line>
    <line>
      <![CDATA[✅ All dream types are either 'Good' or 'Bad': true]]>
    </line>
    <line>
      <![CDATA[✅ Total dream entries found: 10]]>
    </line>
    <line>
      <![CDATA[✅ Clicked on 'My Dreams' button]]>
    </line>
    <line>
      <![CDATA[🔁 Switched to tab with URL: https://arjitnigam.github.io/myDreams/]]>
    </line>
    <line>
      <![CDATA[🔁 Switched to tab with URL: https://arjitnigam.github.io/myDreams/dreams-diary.html]]>
    </line>
    <line>
      <![CDATA[🔁 Switched to tab with URL: https://arjitnigam.github.io/myDreams/dreams-total.html]]>
    </line>
    <line>
      <![CDATA[✅ Switched to dreams-total.html]]>
    </line>
    <line>
      <![CDATA[🟩 Good dreams count: 6]]>
    </line>
    <line>
      <![CDATA[✅ Verified Good dreams count is 6]]>
    </line>
    <line>
      <![CDATA[🟥 Bad dreams count: 4]]>
    </line>
    <line>
      <![CDATA[✅ Verified Bad dreams count is 4]]>
    </line>
    <line>
      <![CDATA[📊 Total dreams count: 10]]>
    </line>
    <line>
      <![CDATA[✅ Verified Total dreams count is 10]]>
    </line>
    <line>
      <![CDATA[🔁 Recurring dreams count: 2]]>
    </line>
    <line>
      <![CDATA[✅ Verified Recurring dreams count is 2]]>
    </line>
    <line>
      <![CDATA[✅ Switched to dreams-diary.html]]>
    </line>
    <line>
      <![CDATA[📃 Dream name frequency map: {Winning lottery=1, Being late to exam=1, Monster chase=1, Flying over mountains=3, Time travel adventure=1, Lost in maze=2, Swimming with dolphins=1}]]>
    </line>
    <line>
      <![CDATA[🔁 Recurring dreams detected: [Flying over mountains, Lost in maze]]]>
    </line>
    <line>
      <![CDATA[✅ Verified recurring dreams: [Flying over mountains, Lost in maze]]]>
    </line>
  </reporter-output>
  <suite started-at="2025-05-22T14:40:51 IST" name="Default suite" finished-at="2025-05-22T14:41:37 IST" duration-ms="46182">
    <groups>
    </groups>
    <test started-at="2025-05-22T14:40:51 IST" name="Default test" finished-at="2025-05-22T14:41:37 IST" duration-ms="46182">
      <class name="Tests.HomePageTest">
        <test-method is-config="true" signature="setup()[pri:0, instance:Tests.HomePageTest@66d18979]" started-at="2025-05-22T14:40:51 IST" name="setup" finished-at="2025-05-22T14:40:56 IST" duration-ms="4969" status="PASS">
          <reporter-output>
          </reporter-output>
        </test-method> <!-- setup -->
        <test-method is-config="true" signature="initPageObject()[pri:0, instance:Tests.HomePageTest@66d18979]" started-at="2025-05-22T14:40:56 IST" name="initPageObject" finished-at="2025-05-22T14:40:56 IST" duration-ms="2" status="PASS">
          <reporter-output>
          </reporter-output>
        </test-method> <!-- initPageObject -->
        <test-method is-config="true" signature="openHomePage()[pri:0, instance:Tests.HomePageTest@66d18979]" started-at="2025-05-22T14:40:56 IST" name="openHomePage" finished-at="2025-05-22T14:40:56 IST" duration-ms="32" status="PASS">
          <reporter-output>
            <line>
              <![CDATA[🌐 Opened homepage: https://arjitnigam.github.io/myDreams/]]>
            </line>
          </reporter-output>
        </test-method> <!-- openHomePage -->
        <test-method signature="verifyLoadingAnimationBehavior()[pri:1, instance:Tests.HomePageTest@66d18979]" started-at="2025-05-22T14:40:56 IST" name="verifyLoadingAnimationBehavior" finished-at="2025-05-22T14:40:59 IST" duration-ms="3317" status="PASS">
          <reporter-output>
            <line>
              <![CDATA[🔄 Loading animation initially visible: true]]>
            </line>
            <line>
              <![CDATA[⏱ Loading animation disappeared: true (Waited ~3232 ms)]]>
            </line>
            <line>
              <![CDATA[📄 Main content visible after loader: true]]>
            </line>
          </reporter-output>
        </test-method> <!-- verifyLoadingAnimationBehavior -->
        <test-method is-config="true" signature="closeExtraTabs()[pri:0, instance:Tests.HomePageTest@66d18979]" started-at="2025-05-22T14:40:59 IST" name="closeExtraTabs" finished-at="2025-05-22T14:40:59 IST" duration-ms="21" status="PASS">
          <reporter-output>
          </reporter-output>
        </test-method> <!-- closeExtraTabs -->
        <test-method is-config="true" signature="openHomePage()[pri:0, instance:Tests.HomePageTest@66d18979]" started-at="2025-05-22T14:40:59 IST" name="openHomePage" finished-at="2025-05-22T14:40:59 IST" duration-ms="34" status="PASS">
          <reporter-output>
            <line>
              <![CDATA[🌐 Opened homepage: https://arjitnigam.github.io/myDreams/]]>
            </line>
          </reporter-output>
        </test-method> <!-- openHomePage -->
        <test-method signature="verifyMainContentVisible()[pri:2, instance:Tests.HomePageTest@66d18979]" started-at="2025-05-22T14:40:59 IST" name="verifyMainContentVisible" finished-at="2025-05-22T14:41:02 IST" duration-ms="3234" status="PASS">
          <reporter-output>
            <line>
              <![CDATA[⌛ Waiting for 'My Dreams' button to be visible...]]>
            </line>
            <line>
              <![CDATA[📄 Main content visible after waiting: true]]>
            </line>
          </reporter-output>
        </test-method> <!-- verifyMainContentVisible -->
        <test-method is-config="true" signature="closeExtraTabs()[pri:0, instance:Tests.HomePageTest@66d18979]" started-at="2025-05-22T14:41:02 IST" name="closeExtraTabs" finished-at="2025-05-22T14:41:02 IST" duration-ms="18" status="PASS">
          <reporter-output>
          </reporter-output>
        </test-method> <!-- closeExtraTabs -->
        <test-method is-config="true" signature="openHomePage()[pri:0, instance:Tests.HomePageTest@66d18979]" started-at="2025-05-22T14:41:02 IST" name="openHomePage" finished-at="2025-05-22T14:41:02 IST" duration-ms="42" status="PASS">
          <reporter-output>
            <line>
              <![CDATA[🌐 Opened homepage: https://arjitnigam.github.io/myDreams/]]>
            </line>
          </reporter-output>
        </test-method> <!-- openHomePage -->
        <test-method signature="verifyMyDreamsButtonOpensNewTabs()[pri:3, instance:Tests.HomePageTest@66d18979]" started-at="2025-05-22T14:41:02 IST" name="verifyMyDreamsButtonOpensNewTabs" finished-at="2025-05-22T14:41:06 IST" duration-ms="3520" status="PASS">
          <reporter-output>
            <line>
              <![CDATA[🖱️ Clicked on 'My Dreams' button]]>
            </line>
            <line>
              <![CDATA[🧭 Switched to tab with URL: https://arjitnigam.github.io/myDreams/dreams-diary.html]]>
            </line>
            <line>
              <![CDATA[🧭 Switched to tab with URL: https://arjitnigam.github.io/myDreams/dreams-total.html]]>
            </line>
            <line>
              <![CDATA[↩️ Switched back to original tab]]>
            </line>
            <line>
              <![CDATA[✅ dreams-diary.html opened: true]]>
            </line>
            <line>
              <![CDATA[✅ dreams-total.html opened: true]]>
            </line>
          </reporter-output>
        </test-method> <!-- verifyMyDreamsButtonOpensNewTabs -->
        <test-method is-config="true" signature="closeExtraTabs()[pri:0, instance:Tests.HomePageTest@66d18979]" started-at="2025-05-22T14:41:06 IST" name="closeExtraTabs" finished-at="2025-05-22T14:41:06 IST" duration-ms="158" status="PASS">
          <reporter-output>
          </reporter-output>
        </test-method> <!-- closeExtraTabs -->
        <test-method is-config="true" signature="tearDown()[pri:0, instance:Tests.HomePageTest@66d18979]" started-at="2025-05-22T14:41:06 IST" name="tearDown" finished-at="2025-05-22T14:41:06 IST" duration-ms="207" status="PASS">
          <reporter-output>
          </reporter-output>
        </test-method> <!-- tearDown -->
        <test-method is-config="true" signature="copyEmailableReportToDownloads()[pri:0, instance:Tests.HomePageTest@66d18979]" started-at="2025-05-22T14:41:37 IST" name="copyEmailableReportToDownloads" finished-at="2025-05-22T14:41:37 IST" duration-ms="16" status="PASS">
          <reporter-output>
          </reporter-output>
        </test-method> <!-- copyEmailableReportToDownloads -->
      </class> <!-- Tests.HomePageTest -->
      <class name="Tests.AI_BASED_VALIDATION_TEST">
        <test-method is-config="true" signature="setup()[pri:0, instance:Tests.AI_BASED_VALIDATION_TEST@158a8276]" started-at="2025-05-22T14:41:06 IST" name="setup" finished-at="2025-05-22T14:41:07 IST" duration-ms="1109" status="PASS">
          <reporter-output>
          </reporter-output>
        </test-method> <!-- setup -->
        <test-method is-config="true" signature="navigateToDreamsDiaryPage()[pri:0, instance:Tests.AI_BASED_VALIDATION_TEST@158a8276]" started-at="2025-05-22T14:41:07 IST" name="navigateToDreamsDiaryPage" finished-at="2025-05-22T14:41:11 IST" duration-ms="3612" status="PASS">
          <reporter-output>
            <line>
              <![CDATA[✅ Clicked on 'My Dreams' button]]>
            </line>
            <line>
              <![CDATA[✅ Switched to dreams-diary.html]]>
            </line>
          </reporter-output>
        </test-method> <!-- navigateToDreamsDiaryPage -->
        <test-method signature="classifyDreamNamesFromUI()[pri:0, instance:Tests.AI_BASED_VALIDATION_TEST@158a8276]" started-at="2025-05-22T14:41:11 IST" name="classifyDreamNamesFromUI" finished-at="2025-05-22T14:41:22 IST" duration-ms="10898" status="PASS">
          <reporter-output>
            <line>
              <![CDATA[📝 Row columns data:]]>
            </line>
            <line>
              <![CDATA[   Column 1: Flying over mountains]]>
            </line>
            <line>
              <![CDATA[   Column 2: 1 day ago]]>
            </line>
            <line>
              <![CDATA[   Column 3: Good]]>
            </line>
            <line>
              <![CDATA[🔍 Validating dream: Flying over mountains]]>
            </line>
            <line>
              <![CDATA[🎯 Actual dream type: Good]]>
            </line>
            <line>
              <![CDATA[🤖 AI classification for 'Flying over mountains' is: Good]]>
            </line>
            <line>
              <![CDATA[📝 Row columns data:]]>
            </line>
            <line>
              <![CDATA[   Column 1: Lost in maze]]>
            </line>
            <line>
              <![CDATA[   Column 2: 2 days ago]]>
            </line>
            <line>
              <![CDATA[   Column 3: Bad]]>
            </line>
            <line>
              <![CDATA[🔍 Validating dream: Lost in maze]]>
            </line>
            <line>
              <![CDATA[🎯 Actual dream type: Bad]]>
            </line>
            <line>
              <![CDATA[🤖 AI classification for 'Lost in maze' is: Bad]]>
            </line>
            <line>
              <![CDATA[📝 Row columns data:]]>
            </line>
            <line>
              <![CDATA[   Column 1: Flying over mountains]]>
            </line>
            <line>
              <![CDATA[   Column 2: 3 days ago]]>
            </line>
            <line>
              <![CDATA[   Column 3: Good]]>
            </line>
            <line>
              <![CDATA[🔍 Validating dream: Flying over mountains]]>
            </line>
            <line>
              <![CDATA[🎯 Actual dream type: Good]]>
            </line>
            <line>
              <![CDATA[🤖 AI classification for 'Flying over mountains' is: Good]]>
            </line>
            <line>
              <![CDATA[📝 Row columns data:]]>
            </line>
            <line>
              <![CDATA[   Column 1: Winning lottery]]>
            </line>
            <line>
              <![CDATA[   Column 2: 4 days ago]]>
            </line>
            <line>
              <![CDATA[   Column 3: Good]]>
            </line>
            <line>
              <![CDATA[🔍 Validating dream: Winning lottery]]>
            </line>
            <line>
              <![CDATA[🎯 Actual dream type: Good]]>
            </line>
            <line>
              <![CDATA[🤖 AI classification for 'Winning lottery' is: Good]]>
            </line>
            <line>
              <![CDATA[📝 Row columns data:]]>
            </line>
            <line>
              <![CDATA[   Column 1: Being late to exam]]>
            </line>
            <line>
              <![CDATA[   Column 2: 5 days ago]]>
            </line>
            <line>
              <![CDATA[   Column 3: Bad]]>
            </line>
            <line>
              <![CDATA[🔍 Validating dream: Being late to exam]]>
            </line>
            <line>
              <![CDATA[🎯 Actual dream type: Bad]]>
            </line>
            <line>
              <![CDATA[🤖 AI classification for 'Being late to exam' is: Bad]]>
            </line>
            <line>
              <![CDATA[📝 Row columns data:]]>
            </line>
            <line>
              <![CDATA[   Column 1: Lost in maze]]>
            </line>
            <line>
              <![CDATA[   Column 2: 6 days ago]]>
            </line>
            <line>
              <![CDATA[   Column 3: Bad]]>
            </line>
            <line>
              <![CDATA[🔍 Validating dream: Lost in maze]]>
            </line>
            <line>
              <![CDATA[🎯 Actual dream type: Bad]]>
            </line>
            <line>
              <![CDATA[🤖 AI classification for 'Lost in maze' is: Bad]]>
            </line>
            <line>
              <![CDATA[📝 Row columns data:]]>
            </line>
            <line>
              <![CDATA[   Column 1: Swimming with dolphins]]>
            </line>
            <line>
              <![CDATA[   Column 2: 7 days ago]]>
            </line>
            <line>
              <![CDATA[   Column 3: Good]]>
            </line>
            <line>
              <![CDATA[🔍 Validating dream: Swimming with dolphins]]>
            </line>
            <line>
              <![CDATA[🎯 Actual dream type: Good]]>
            </line>
            <line>
              <![CDATA[🤖 AI classification for 'Swimming with dolphins' is: Good]]>
            </line>
            <line>
              <![CDATA[📝 Row columns data:]]>
            </line>
            <line>
              <![CDATA[   Column 1: Flying over mountains]]>
            </line>
            <line>
              <![CDATA[   Column 2: 8 days ago]]>
            </line>
            <line>
              <![CDATA[   Column 3: Good]]>
            </line>
            <line>
              <![CDATA[🔍 Validating dream: Flying over mountains]]>
            </line>
            <line>
              <![CDATA[🎯 Actual dream type: Good]]>
            </line>
            <line>
              <![CDATA[🤖 AI classification for 'Flying over mountains' is: Good]]>
            </line>
            <line>
              <![CDATA[📝 Row columns data:]]>
            </line>
            <line>
              <![CDATA[   Column 1: Time travel adventure]]>
            </line>
            <line>
              <![CDATA[   Column 2: 9 days ago]]>
            </line>
            <line>
              <![CDATA[   Column 3: Good]]>
            </line>
            <line>
              <![CDATA[🔍 Validating dream: Time travel adventure]]>
            </line>
            <line>
              <![CDATA[🎯 Actual dream type: Good]]>
            </line>
            <line>
              <![CDATA[🤖 AI classification for 'Time travel adventure' is: Good]]>
            </line>
            <line>
              <![CDATA[📝 Row columns data:]]>
            </line>
            <line>
              <![CDATA[   Column 1: Monster chase]]>
            </line>
            <line>
              <![CDATA[   Column 2: 10 days ago]]>
            </line>
            <line>
              <![CDATA[   Column 3: Bad]]>
            </line>
            <line>
              <![CDATA[🔍 Validating dream: Monster chase]]>
            </line>
            <line>
              <![CDATA[🎯 Actual dream type: Bad]]>
            </line>
            <line>
              <![CDATA[🤖 AI classification for 'Monster chase' is: Bad]]>
            </line>
            <line>
              <![CDATA[✅ All dreams were successfully classified by AI and matched actual types]]>
            </line>
          </reporter-output>
        </test-method> <!-- classifyDreamNamesFromUI -->
        <test-method is-config="true" signature="tearDown()[pri:0, instance:Tests.AI_BASED_VALIDATION_TEST@158a8276]" started-at="2025-05-22T14:41:22 IST" name="tearDown" finished-at="2025-05-22T14:41:22 IST" duration-ms="206" status="PASS">
          <reporter-output>
          </reporter-output>
        </test-method> <!-- tearDown -->
      </class> <!-- Tests.AI_BASED_VALIDATION_TEST -->
      <class name="Tests.DreamsDairyTest">
        <test-method is-config="true" signature="setup()[pri:0, instance:Tests.DreamsDairyTest@3c3d9b6b]" started-at="2025-05-22T14:41:22 IST" name="setup" finished-at="2025-05-22T14:41:24 IST" duration-ms="2264" status="PASS">
          <reporter-output>
          </reporter-output>
        </test-method> <!-- setup -->
        <test-method is-config="true" signature="openDreamsDiaryTab()[pri:0, instance:Tests.DreamsDairyTest@3c3d9b6b]" started-at="2025-05-22T14:41:24 IST" name="openDreamsDiaryTab" finished-at="2025-05-22T14:41:28 IST" duration-ms="3965" status="PASS">
          <reporter-output>
          </reporter-output>
        </test-method> <!-- openDreamsDiaryTab -->
        <test-method signature="testAllColumnsAreFilled()[pri:0, instance:Tests.DreamsDairyTest@3c3d9b6b]" started-at="2025-05-22T14:41:28 IST" name="testAllColumnsAreFilled" finished-at="2025-05-22T14:41:29 IST" duration-ms="601" status="PASS">
          <reporter-output>
            <line>
              <![CDATA[✅ All rows have Name, Days Ago, and Type columns filled: true]]>
            </line>
          </reporter-output>
        </test-method> <!-- testAllColumnsAreFilled -->
        <test-method signature="testDreamTypesAreValid()[pri:0, instance:Tests.DreamsDairyTest@3c3d9b6b]" started-at="2025-05-22T14:41:29 IST" name="testDreamTypesAreValid" finished-at="2025-05-22T14:41:29 IST" duration-ms="173" status="PASS">
          <reporter-output>
            <line>
              <![CDATA[✅ All dream types are either 'Good' or 'Bad': true]]>
            </line>
          </reporter-output>
        </test-method> <!-- testDreamTypesAreValid -->
        <test-method signature="testNumberOfDreamEntries()[pri:0, instance:Tests.DreamsDairyTest@3c3d9b6b]" started-at="2025-05-22T14:41:29 IST" name="testNumberOfDreamEntries" finished-at="2025-05-22T14:41:29 IST" duration-ms="11" status="PASS">
          <reporter-output>
            <line>
              <![CDATA[✅ Total dream entries found: 10]]>
            </line>
          </reporter-output>
        </test-method> <!-- testNumberOfDreamEntries -->
        <test-method is-config="true" signature="tearDown()[pri:0, instance:Tests.DreamsDairyTest@3c3d9b6b]" started-at="2025-05-22T14:41:29 IST" name="tearDown" finished-at="2025-05-22T14:41:29 IST" duration-ms="173" status="PASS">
          <reporter-output>
          </reporter-output>
        </test-method> <!-- tearDown -->
      </class> <!-- Tests.DreamsDairyTest -->
      <class name="Tests.DreamsTotalTest">
        <test-method is-config="true" signature="setup()[pri:0, instance:Tests.DreamsTotalTest@79d8407f]" started-at="2025-05-22T14:41:29 IST" name="setup" finished-at="2025-05-22T14:41:32 IST" duration-ms="2120" status="PASS">
          <reporter-output>
          </reporter-output>
        </test-method> <!-- setup -->
        <test-method is-config="true" signature="openDreamsTotalPage()[pri:0, instance:Tests.DreamsTotalTest@79d8407f]" started-at="2025-05-22T14:41:32 IST" name="openDreamsTotalPage" finished-at="2025-05-22T14:41:36 IST" duration-ms="4315" status="PASS">
          <reporter-output>
            <line>
              <![CDATA[✅ Clicked on 'My Dreams' button]]>
            </line>
            <line>
              <![CDATA[🔁 Switched to tab with URL: https://arjitnigam.github.io/myDreams/]]>
            </line>
            <line>
              <![CDATA[🔁 Switched to tab with URL: https://arjitnigam.github.io/myDreams/dreams-diary.html]]>
            </line>
            <line>
              <![CDATA[🔁 Switched to tab with URL: https://arjitnigam.github.io/myDreams/dreams-total.html]]>
            </line>
            <line>
              <![CDATA[✅ Switched to dreams-total.html]]>
            </line>
          </reporter-output>
        </test-method> <!-- openDreamsTotalPage -->
        <test-method signature="verifyGoodDreamsCount()[pri:1, instance:Tests.DreamsTotalTest@79d8407f]" started-at="2025-05-22T14:41:36 IST" name="verifyGoodDreamsCount" finished-at="2025-05-22T14:41:36 IST" duration-ms="137" status="PASS">
          <reporter-output>
            <line>
              <![CDATA[🟩 Good dreams count: 6]]>
            </line>
            <line>
              <![CDATA[✅ Verified Good dreams count is 6]]>
            </line>
          </reporter-output>
        </test-method> <!-- verifyGoodDreamsCount -->
        <test-method signature="verifyBadDreamsCount()[pri:2, instance:Tests.DreamsTotalTest@79d8407f]" started-at="2025-05-22T14:41:36 IST" name="verifyBadDreamsCount" finished-at="2025-05-22T14:41:36 IST" duration-ms="146" status="PASS">
          <reporter-output>
            <line>
              <![CDATA[🟥 Bad dreams count: 4]]>
            </line>
            <line>
              <![CDATA[✅ Verified Bad dreams count is 4]]>
            </line>
          </reporter-output>
        </test-method> <!-- verifyBadDreamsCount -->
        <test-method signature="verifyTotalDreamsCount()[pri:3, instance:Tests.DreamsTotalTest@79d8407f]" started-at="2025-05-22T14:41:36 IST" name="verifyTotalDreamsCount" finished-at="2025-05-22T14:41:36 IST" duration-ms="108" status="PASS">
          <reporter-output>
            <line>
              <![CDATA[📊 Total dreams count: 10]]>
            </line>
            <line>
              <![CDATA[✅ Verified Total dreams count is 10]]>
            </line>
          </reporter-output>
        </test-method> <!-- verifyTotalDreamsCount -->
        <test-method signature="verifyRecurringDreamsCount()[pri:4, instance:Tests.DreamsTotalTest@79d8407f]" started-at="2025-05-22T14:41:36 IST" name="verifyRecurringDreamsCount" finished-at="2025-05-22T14:41:36 IST" duration-ms="144" status="PASS">
          <reporter-output>
            <line>
              <![CDATA[🔁 Recurring dreams count: 2]]>
            </line>
            <line>
              <![CDATA[✅ Verified Recurring dreams count is 2]]>
            </line>
          </reporter-output>
        </test-method> <!-- verifyRecurringDreamsCount -->
        <test-method signature="verifyRecurringDreamsAreCorrect()[pri:5, instance:Tests.DreamsTotalTest@79d8407f]" started-at="2025-05-22T14:41:36 IST" name="verifyRecurringDreamsAreCorrect" finished-at="2025-05-22T14:41:37 IST" duration-ms="298" status="PASS">
          <reporter-output>
            <line>
              <![CDATA[✅ Switched to dreams-diary.html]]>
            </line>
            <line>
              <![CDATA[📃 Dream name frequency map: {Winning lottery=1, Being late to exam=1, Monster chase=1, Flying over mountains=3, Time travel adventure=1, Lost in maze=2, Swimming with dolphins=1}]]>
            </line>
            <line>
              <![CDATA[🔁 Recurring dreams detected: [Flying over mountains, Lost in maze]]]>
            </line>
            <line>
              <![CDATA[✅ Verified recurring dreams: [Flying over mountains, Lost in maze]]]>
            </line>
          </reporter-output>
        </test-method> <!-- verifyRecurringDreamsAreCorrect -->
        <test-method is-config="true" signature="tearDown()[pri:0, instance:Tests.DreamsTotalTest@79d8407f]" started-at="2025-05-22T14:41:37 IST" name="tearDown" finished-at="2025-05-22T14:41:37 IST" duration-ms="243" status="PASS">
          <reporter-output>
          </reporter-output>
        </test-method> <!-- tearDown -->
      </class> <!-- Tests.DreamsTotalTest -->
      <class name="Tests.DriverBase">
        <test-method is-config="true" signature="copyReportToDownloads()[pri:0, instance:Tests.DriverBase@5fbe4146]" started-at="2025-05-22T14:41:37 IST" name="copyReportToDownloads" finished-at="2025-05-22T14:41:37 IST" duration-ms="4" status="PASS">
          <reporter-output>
          </reporter-output>
        </test-method> <!-- copyReportToDownloads -->
      </class> <!-- Tests.DriverBase -->
    </test> <!-- Default test -->
  </suite> <!-- Default suite -->
</testng-results>
